<?xml version="1.0" encoding="UTF-8"?>
<!-- Generated by org.testng.reporters.JUnitXMLReporter -->
<testsuite ignored="0" hostname="Shalinis-Mac-mini.local" failures="0" tests="3" name="Default test" time="58.69" errors="0" timestamp="2026-02-27T14:56:49 IST">
  <testcase classname="settingpagetesting.TeamTestingPage" name="teamCreatedAndDeletedSuccessfully" time="20.133"/>
  <testcase classname="settingpagetesting.TeamTestingPage" name="removeuserFromTeam" time="14.465"/>
  <testcase classname="settingpagetesting.TeamTestingPage" name="deleteTeam" time="12.427"/>
</testsuite> <!-- Default test -->
