<?xml version="1.0" encoding="UTF-8"?>
<!-- Generated by org.testng.reporters.JUnitXMLReporter -->
<testsuite ignored="0" hostname="Shalinis-Mac-mini.local" failures="0" tests="39" name="Test" time="473.391" errors="0" timestamp="2026-02-26T17:56:25 IST">
  <testcase classname="loginpagetesting.Testingofloginpage" name="emptypasswordfield" time="5.3"/>
  <testcase classname="loginpagetesting.Testingofloginpage" name="emptyusernamefield" time="3.004"/>
  <testcase classname="loginpagetesting.Testingofloginpage" name="invalidcredentials1" time="3.201"/>
  <testcase classname="applaudpagetesting.Applaud" name="seeReceivedApplauds" time="25.405"/>
  <testcase classname="loginpagetesting.Testingofloginpage" name="invalidcredentials2" time="2.968"/>
  <testcase classname="loginpagetesting.Testingofloginpage" name="login" time="1.765"/>
  <testcase classname="loginpagetesting.Testingofloginpage" name="passwordresetlink" time="4.302"/>
  <testcase classname="feedbackspagetesting.TestingOfFeedbackPage" name="saveAndEditTemplate" time="41.847"/>
  <testcase classname="loginpagetesting.Testingofloginpage" name="userlogout" time="11.446"/>
  <testcase classname="loginpagetesting.Testingofloginpage" name="validcredendetials" time="5.576"/>
  <testcase classname="applaudpagetesting.Applaud" name="seeSentApplauds" time="33.417"/>
  <testcase classname="settingpagetesting.Settingpage" name="testingOfSettingPage" time="8.38"/>
  <testcase classname="applaudpagetesting.Applaud" name="sendApplaud" time="22.824"/>
  <testcase classname="followupspagetesting.Followuppage" name="followupCreatedAndDeleted1" time="89.759"/>
  <testcase classname="feedbackspagetesting.TestingOfFeedbackPage" name="templateCreation" time="46.669"/>
  <testcase classname="followupspagetesting.Followup1on1" name="create1on1" time="91.889"/>
  <testcase classname="settingpagetesting.Settingpage" name="userCreatedAndDeletedSuccessfully1" time="19.239"/>
  <testcase classname="goalpagetesting.TestingOfGoalpage" name="userCanCreateGoalForselfDevelopment" time="39.356"/>
  <testcase classname="applaudpagetesting.Applaud" name="useMonthFilter" time="45.575">
    <skipped/>
  </testcase> <!-- useMonthFilter -->
  <testcase classname="applaudpagetesting.Applaud" name="useMonthFilter" time="34.251">
    <skipped/>
  </testcase> <!-- useMonthFilter -->
  <testcase classname="goalpagetesting.TestingOfGoalpage" name="userCanCreateGoalForTeam" time="35.477"/>
  <testcase classname="followupspagetesting.Followuppage" name="meetingWithoutSpecifyDateAndTime" time="96.814"/>
  <testcase classname="followupspagetesting.Followup1on1" name="create1on1WithoutSpecifyDateandtime" time="92.199"/>
  <testcase classname="feedbackspagetesting.TestingOfFeedbackPage" name="userCanAskForFeedbackByExternalLink" time="96.249"/>
  <testcase classname="goalpagetesting.TestingOfGoalpage" name="usersCanSeeCompletedGoals" time="21.278"/>
  <testcase classname="applaudpagetesting.Applaud" name="useMonthFilter" time="34.943">
    <skipped/>
  </testcase> <!-- useMonthFilter -->
  <testcase classname="goalpagetesting.TestingOfGoalpage" name="usersCanSeeActiveGoals" time="19.886"/>
  <testcase classname="goalpagetesting.TestingOfGoalpage" name="usersCanSeeSupervisedGoals" time="19.743"/>
  <testcase classname="feedbackspagetesting.TestingOfFeedbackPage" name="userCanAskForFeedbackFromSpecificTeamMember" time="51.685"/>
  <testcase classname="applaudpagetesting.Applaud" name="useMonthFilter" time="45.366"/>
  <testcase classname="goalpagetesting.TestingOfGoalpage" name="usersCanSeeArchivedGoals" time="20.921"/>
  <testcase classname="goalpagetesting.TestingOfGoalpage" name="usersCanSeeAllGoals" time="20.321"/>
  <testcase classname="feedbackspagetesting.TestingOfFeedbackPage" name="userCanMakeUseOfPreMadeFeedbackTemplate" time="47.594"/>
  <testcase classname="goalpagetesting.TestingOfGoalpage" name="usersCanUpdateStatus" time="29.224"/>
  <testcase classname="feedbackspagetesting.TestingOfFeedbackPage" name="userCanShortAndFilterFeedbackByAnswered" time="25.808"/>
  <testcase classname="feedbackspagetesting.TestingOfFeedbackPage" name="userCanShortAndFilterFeedbackByPending" time="25.597"/>
  <testcase classname="goalpagetesting.TestingOfGoalpage" name="userCanSetUpFollowupForGoal" time="45.358"/>
  <testcase classname="feedbackspagetesting.TestingOfFeedbackPage" name="usersCanSeeAllTheFeedbackTheyHaveReceived" time="23.753"/>
  <testcase classname="goalpagetesting.TestingOfGoalpage" name="userCanSetUpFeedbackForGoal" time="76.776"/>
</testsuite> <!-- Test -->
