<?xml version="1.0" encoding="UTF-8"?>
<!-- Generated by org.testng.reporters.JUnitXMLReporter -->
<testsuite ignored="0" hostname="Shalinis-Mac-mini.local" failures="0" tests="38" name="Test" time="426.25" errors="0" timestamp="2026-02-27T11:14:28 IST">
  <testcase classname="loginpagetesting.Testingofloginpage" name="emptypasswordfield" time="6.863"/>
  <testcase classname="loginpagetesting.Testingofloginpage" name="emptyusernamefield" time="2.992"/>
  <testcase classname="loginpagetesting.Testingofloginpage" name="invalidcredentials1" time="3.193"/>
  <testcase classname="loginpagetesting.Testingofloginpage" name="invalidcredentials2" time="3.801"/>
  <testcase classname="applaudpagetesting.Applaud" name="seeReceivedApplauds" time="28.555"/>
  <testcase classname="loginpagetesting.Testingofloginpage" name="login" time="1.629"/>
  <testcase classname="loginpagetesting.Testingofloginpage" name="passwordresetlink" time="8.281"/>
  <testcase classname="feedbackspagetesting.TestingOfFeedbackPage" name="saveAndEditTemplate" time="44.908"/>
  <testcase classname="loginpagetesting.Testingofloginpage" name="userlogout" time="5.086"/>
  <testcase classname="loginpagetesting.Testingofloginpage" name="validcredendetials" time="5.146"/>
  <testcase classname="applaudpagetesting.Applaud" name="seeSentApplauds" time="34.176"/>
  <testcase classname="settingpagetesting.Settingpage" name="testingOfSettingPage" time="8.846"/>
  <testcase classname="followupspagetesting.Followup1on1" name="create1on1" time="83.177">
    <skipped/>
  </testcase> <!-- create1on1 -->
  <testcase classname="applaudpagetesting.Applaud" name="sendApplaud" time="17.055"/>
  <testcase classname="feedbackspagetesting.TestingOfFeedbackPage" name="templateCreation" time="40.73"/>
  <testcase classname="settingpagetesting.Settingpage" name="userCreatedAndDeletedSuccessfully1" time="17.296"/>
  <testcase classname="followupspagetesting.Followuppage" name="followupCreatedAndDeleted1" time="89.715"/>
  <testcase classname="goalpagetesting.TestingOfGoalpage" name="userCanCreateGoalForselfDevelopment" time="25.347"/>
  <testcase classname="applaudpagetesting.Applaud" name="useMonthFilter" time="45.482"/>
  <testcase classname="goalpagetesting.TestingOfGoalpage" name="userCanCreateGoalForTeam" time="32.009"/>
  <testcase classname="followupspagetesting.Followup1on1" name="create1on1" time="79.026">
    <skipped/>
  </testcase> <!-- create1on1 -->
  <testcase classname="followupspagetesting.Followuppage" name="meetingWithoutSpecifyDateAndTime" time="78.145"/>
  <testcase classname="feedbackspagetesting.TestingOfFeedbackPage" name="userCanAskForFeedbackByExternalLink" time="80.419"/>
  <testcase classname="goalpagetesting.TestingOfGoalpage" name="usersCanSeeCompletedGoals" time="20.518"/>
  <testcase classname="goalpagetesting.TestingOfGoalpage" name="usersCanSeeActiveGoals" time="21.72"/>
  <testcase classname="goalpagetesting.TestingOfGoalpage" name="usersCanSeeSupervisedGoals" time="20.058"/>
  <testcase classname="feedbackspagetesting.TestingOfFeedbackPage" name="userCanAskForFeedbackFromSpecificTeamMember" time="52.547"/>
  <testcase classname="goalpagetesting.TestingOfGoalpage" name="usersCanSeeArchivedGoals" time="20.199"/>
  <testcase classname="followupspagetesting.Followup1on1" name="create1on1" time="85.737"/>
  <testcase classname="goalpagetesting.TestingOfGoalpage" name="usersCanSeeAllGoals" time="20.059"/>
  <testcase classname="feedbackspagetesting.TestingOfFeedbackPage" name="userCanMakeUseOfPreMadeFeedbackTemplate" time="44.313"/>
  <testcase classname="goalpagetesting.TestingOfGoalpage" name="usersCanUpdateStatus" time="26.634"/>
  <testcase classname="feedbackspagetesting.TestingOfFeedbackPage" name="userCanShortAndFilterFeedbackByAnswered" time="25.797"/>
  <testcase classname="feedbackspagetesting.TestingOfFeedbackPage" name="userCanShortAndFilterFeedbackByPending" time="25.825"/>
  <testcase classname="followupspagetesting.Followup1on1" name="create1on1WithoutSpecifyDateandtime" time="77.634"/>
  <testcase classname="goalpagetesting.TestingOfGoalpage" name="userCanSetUpFollowupForGoal" time="41.311"/>
  <testcase classname="feedbackspagetesting.TestingOfFeedbackPage" name="usersCanSeeAllTheFeedbackTheyHaveReceived" time="23.84"/>
  <testcase classname="goalpagetesting.TestingOfGoalpage" name="userCanSetUpFeedbackForGoal" time="74.346"/>
</testsuite> <!-- Test -->
