<?xml version="1.0" encoding="UTF-8"?>
<testng-results ignored="0" total="1" passed="1" failed="0" skipped="0">
  <reporter-output>
  </reporter-output>
  <suite started-at="2025-07-01T17:20:34 IST" name="Default suite" finished-at="2025-07-01T17:21:15 IST" duration-ms="40886">
    <groups>
    </groups>
    <test started-at="2025-07-01T17:20:34 IST" name="Default test" finished-at="2025-07-01T17:21:15 IST" duration-ms="40886">
      <class name="applaudpagetesting.Applaud">
        <test-method is-config="true" signature="setUp()[pri:0, instance:applaudpagetesting.Applaud@459e9125]" started-at="2025-07-01T17:20:34 IST" name="setUp" finished-at="2025-07-01T17:20:36 IST" duration-ms="1136" status="PASS">
          <reporter-output>
          </reporter-output>
        </test-method> <!-- setUp -->
        <test-method signature="sendApplaud()[pri:0, instance:applaudpagetesting.Applaud@459e9125]" started-at="2025-07-01T17:20:36 IST" name="sendApplaud" finished-at="2025-07-01T17:21:15 IST" duration-ms="39729" status="PASS">
          <reporter-output>
          </reporter-output>
        </test-method> <!-- sendApplaud -->
      </class> <!-- applaudpagetesting.Applaud -->
    </test> <!-- Default test -->
  </suite> <!-- Default suite -->
</testng-results>
