<?xml version="1.0" encoding="UTF-8"?>
<!-- Generated by org.testng.reporters.JUnitReportReporter -->
<testsuite hostname="Shalinis-Mac-mini.local" failures="0" tests="2" name="followupspagetesting.Followuppage" time="204.434" errors="0" timestamp="2026-02-26T17:56:26 IST" skipped="0">
  <testcase classname="followupspagetesting.Followuppage" name="meetingWithoutSpecifyDateAndTime" time="103.037"/>
  <testcase classname="followupspagetesting.Followuppage" name="followupCreatedAndDeleted1" time="101.397"/>
</testsuite> <!-- followupspagetesting.Followuppage -->
