<?xml version="1.0" encoding="UTF-8"?>
<!-- Generated by org.testng.reporters.JUnitReportReporter -->
<testsuite hostname="Shalinis-Mac-mini.local" failures="0" tests="10" name="goalpagetesting.TestingOfGoalpage" time="329.005" errors="0" timestamp="2026-02-27T11:14:28 IST" skipped="0">
  <testcase classname="goalpagetesting.TestingOfGoalpage" name="userCanCreateGoalForselfDevelopment" time="27.830"/>
  <testcase classname="goalpagetesting.TestingOfGoalpage" name="userCanCreateGoalForTeam" time="35.514"/>
  <testcase classname="goalpagetesting.TestingOfGoalpage" name="usersCanSeeCompletedGoals" time="23.026"/>
  <testcase classname="goalpagetesting.TestingOfGoalpage" name="usersCanSeeActiveGoals" time="24.643"/>
  <testcase classname="goalpagetesting.TestingOfGoalpage" name="usersCanSeeSupervisedGoals" time="22.527"/>
  <testcase classname="goalpagetesting.TestingOfGoalpage" name="usersCanSeeArchivedGoals" time="22.903"/>
  <testcase classname="goalpagetesting.TestingOfGoalpage" name="usersCanSeeAllGoals" time="22.476"/>
  <testcase classname="goalpagetesting.TestingOfGoalpage" name="usersCanUpdateStatus" time="29.229"/>
  <testcase classname="goalpagetesting.TestingOfGoalpage" name="userCanSetUpFollowupForGoal" time="44.064"/>
  <testcase classname="goalpagetesting.TestingOfGoalpage" name="userCanSetUpFeedbackForGoal" time="76.793"/>
</testsuite> <!-- goalpagetesting.TestingOfGoalpage -->
