<?xml version="1.0" encoding="UTF-8"?>
<!-- Generated by org.testng.reporters.JUnitReportReporter -->
<testsuite hostname="Shalinis-Mac-mini.local" failures="0" tests="8" name="feedbackspagetesting.TestingOfFeedbackPage" time="403.476" errors="0" timestamp="2026-02-26T17:56:26 IST" skipped="0">
  <testcase classname="feedbackspagetesting.TestingOfFeedbackPage" name="userCanShortAndFilterFeedbackByAnswered" time="31.810"/>
  <testcase classname="feedbackspagetesting.TestingOfFeedbackPage" name="userCanAskForFeedbackFromSpecificTeamMember" time="68.131"/>
  <testcase classname="feedbackspagetesting.TestingOfFeedbackPage" name="userCanShortAndFilterFeedbackByPending" time="28.298"/>
  <testcase classname="feedbackspagetesting.TestingOfFeedbackPage" name="templateCreation" time="49.313"/>
  <testcase classname="feedbackspagetesting.TestingOfFeedbackPage" name="userCanAskForFeedbackByExternalLink" time="102.031"/>
  <testcase classname="feedbackspagetesting.TestingOfFeedbackPage" name="userCanMakeUseOfPreMadeFeedbackTemplate" time="51.277"/>
  <testcase classname="feedbackspagetesting.TestingOfFeedbackPage" name="usersCanSeeAllTheFeedbackTheyHaveReceived" time="28.219"/>
  <testcase classname="feedbackspagetesting.TestingOfFeedbackPage" name="saveAndEditTemplate" time="44.397"/>
</testsuite> <!-- feedbackspagetesting.TestingOfFeedbackPage -->
