<?xml version="1.0" encoding="UTF-8"?>
<!-- Generated by org.testng.reporters.JUnitReportReporter -->
<testsuite hostname="Shalinis-Mac-mini.local" failures="0" tests="8" name="loginpagetesting.Testingofloginpage" time="65.704" errors="0" timestamp="2026-02-27T11:14:28 IST" skipped="0">
  <testcase classname="loginpagetesting.Testingofloginpage" name="emptyusernamefield" time="5.468"/>
  <testcase classname="loginpagetesting.Testingofloginpage" name="validcredendetials" time="10.796"/>
  <testcase classname="loginpagetesting.Testingofloginpage" name="invalidcredentials1" time="10.772"/>
  <testcase classname="loginpagetesting.Testingofloginpage" name="emptypasswordfield" time="9.416"/>
  <testcase classname="loginpagetesting.Testingofloginpage" name="userlogout" time="7.921"/>
  <testcase classname="loginpagetesting.Testingofloginpage" name="invalidcredentials2" time="6.330"/>
  <testcase classname="loginpagetesting.Testingofloginpage" name="login" time="4.112"/>
  <testcase classname="loginpagetesting.Testingofloginpage" name="passwordresetlink" time="10.889"/>
</testsuite> <!-- loginpagetesting.Testingofloginpage -->
