<?xml version="1.0" encoding="UTF-8"?>
<!-- Generated by org.testng.reporters.JUnitReportReporter -->
<testsuite hostname="Shalinis-Mac-mini.local" failures="0" tests="4" name="applaudpagetesting.Applaud" time="140.721" errors="0" timestamp="2026-02-27T11:14:28 IST" skipped="0">
  <testcase classname="applaudpagetesting.Applaud" name="seeSentApplauds" time="41.755"/>
  <testcase classname="applaudpagetesting.Applaud" name="useMonthFilter" time="47.899"/>
  <testcase classname="applaudpagetesting.Applaud" name="seeReceivedApplauds" time="31.403"/>
  <testcase classname="applaudpagetesting.Applaud" name="sendApplaud" time="19.664"/>
</testsuite> <!-- applaudpagetesting.Applaud -->
