<?xml version="1.0" encoding="UTF-8"?>
<!-- Generated by org.testng.reporters.JUnitReportReporter -->
<testsuite hostname="Shalinis-Mac-mini.local" failures="0" tests="2" name="followupspagetesting.Followup1on1" time="206.460" errors="0" timestamp="2026-02-26T17:56:26 IST" skipped="0">
  <testcase classname="followupspagetesting.Followup1on1" name="create1on1" time="108.195"/>
  <testcase classname="followupspagetesting.Followup1on1" name="create1on1WithoutSpecifyDateandtime" time="98.265"/>
</testsuite> <!-- followupspagetesting.Followup1on1 -->
