<?xml version="1.0" encoding="UTF-8"?>
<!-- Generated by org.testng.reporters.JUnitReportReporter -->
<testsuite hostname="Shalinis-Mac-mini.local" failures="0" tests="7" name="applaudpagetesting.Applaud" time="277.941" errors="0" timestamp="2026-02-26T17:56:26 IST" skipped="3">
  <testcase classname="applaudpagetesting.Applaud" name="useMonthFilter" time="51.366"/>
  <testcase classname="applaudpagetesting.Applaud" name="seeSentApplauds" time="36.865"/>
  <testcase classname="applaudpagetesting.Applaud" name="useMonthFilter" time="37.477">
    <skipped/>
  </testcase> <!-- useMonthFilter -->
  <testcase classname="applaudpagetesting.Applaud" name="useMonthFilter" time="38.389">
    <skipped/>
  </testcase> <!-- useMonthFilter -->
  <testcase classname="applaudpagetesting.Applaud" name="useMonthFilter" time="48.276">
    <skipped/>
  </testcase> <!-- useMonthFilter -->
  <testcase classname="applaudpagetesting.Applaud" name="sendApplaud" time="37.475"/>
  <testcase classname="applaudpagetesting.Applaud" name="seeReceivedApplauds" time="28.093"/>
</testsuite> <!-- applaudpagetesting.Applaud -->
