<?xml version="1.0" encoding="UTF-8"?>
<!-- Generated by org.testng.reporters.JUnitReportReporter -->
<testsuite hostname="Shalinis-Mac-mini.local" failures="0" tests="3" name="settingpagetesting.TeamTestingPage" time="58.568" errors="0" timestamp="2026-02-27T14:56:50 IST" skipped="0">
  <testcase classname="settingpagetesting.TeamTestingPage" name="teamCreatedAndDeletedSuccessfully" time="23.763"/>
  <testcase classname="settingpagetesting.TeamTestingPage" name="removeuserFromTeam" time="19.229"/>
  <testcase classname="settingpagetesting.TeamTestingPage" name="deleteTeam" time="15.576"/>
</testsuite> <!-- settingpagetesting.TeamTestingPage -->
