<?xml version="1.0" encoding="UTF-8"?>
<!-- Generated by org.testng.reporters.JUnitReportReporter -->
<testsuite hostname="Shalinis-Mac-mini.local" failures="0" tests="2" name="followupspagetesting.Followuppage" time="178.647" errors="0" timestamp="2026-02-27T11:14:28 IST" skipped="0">
  <testcase classname="followupspagetesting.Followuppage" name="meetingWithoutSpecifyDateAndTime" time="81.371"/>
  <testcase classname="followupspagetesting.Followuppage" name="followupCreatedAndDeleted1" time="97.276"/>
</testsuite> <!-- followupspagetesting.Followuppage -->
