<?xml version="1.0" encoding="UTF-8"?>
<!-- Generated by org.testng.reporters.JUnitReportReporter -->
<testsuite hostname="Shalinis-Mac-mini.local" failures="0" tests="10" name="goalpagetesting.TestingOfGoalpage" time="372.378" errors="0" timestamp="2026-02-26T17:56:26 IST" skipped="0">
  <testcase classname="goalpagetesting.TestingOfGoalpage" name="userCanCreateGoalForselfDevelopment" time="43.772"/>
  <testcase classname="goalpagetesting.TestingOfGoalpage" name="userCanCreateGoalForTeam" time="40.254"/>
  <testcase classname="goalpagetesting.TestingOfGoalpage" name="usersCanSeeCompletedGoals" time="32.845"/>
  <testcase classname="goalpagetesting.TestingOfGoalpage" name="usersCanSeeActiveGoals" time="23.423"/>
  <testcase classname="goalpagetesting.TestingOfGoalpage" name="usersCanSeeSupervisedGoals" time="22.445"/>
  <testcase classname="goalpagetesting.TestingOfGoalpage" name="usersCanSeeArchivedGoals" time="24.330"/>
  <testcase classname="goalpagetesting.TestingOfGoalpage" name="usersCanSeeAllGoals" time="22.831"/>
  <testcase classname="goalpagetesting.TestingOfGoalpage" name="usersCanUpdateStatus" time="31.879"/>
  <testcase classname="goalpagetesting.TestingOfGoalpage" name="userCanSetUpFollowupForGoal" time="50.585"/>
  <testcase classname="goalpagetesting.TestingOfGoalpage" name="userCanSetUpFeedbackForGoal" time="80.014"/>
</testsuite> <!-- goalpagetesting.TestingOfGoalpage -->
